{"name":"Provision_to_view_and_print_the_worklist_for_the_Home_Drug_Delivery","status":"broken","statusDetails":{"known":false,"muted":false,"flaky":false,"message":"Expected condition failed: waiting for presence of element located by: By.xpath: /html/body/div[1]/form/div[3]/div[2]/table/tbody/tr/td[2]/div/div[4]/table/tbody/tr[2]/td/table/tbody/tr/td/div/ul[4]/li[10]/a (tried for 60 second(s) with 500 milliseconds interval)","trace":"org.openqa.selenium.TimeoutException: Expected condition failed: waiting for presence of element located by: By.xpath: /html/body/div[1]/form/div[3]/div[2]/table/tbody/tr/td[2]/div/div[4]/table/tbody/tr[2]/td/table/tbody/tr/td/div/ul[4]/li[10]/a (tried for 60 second(s) with 500 milliseconds interval)\r\n\tat org.openqa.selenium.support.ui.WebDriverWait.timeoutException(WebDriverWait.java:138)\r\n\tat org.openqa.selenium.support.ui.FluentWait.until(FluentWait.java:231)\r\n\tat com.qa.HIS.BrowserCompatibility_HIS.HomeDrugDeliveryTest.Provision_to_view_and_print_the_worklist_for_the_Home_Drug_Delivery(HomeDrugDeliveryTest.java:368)\r\n\tat java.base/jdk.internal.reflect.DirectMethodHandleAccessor.invoke(DirectMethodHandleAccessor.java:103)\r\n\tat java.base/java.lang.reflect.Method.invoke(Method.java:580)\r\n\tat org.testng.internal.invokers.MethodInvocationHelper.invokeMethod(MethodInvocationHelper.java:141)\r\n\tat org.testng.internal.invokers.TestInvoker.invokeMethod(TestInvoker.java:687)\r\n\tat org.testng.internal.invokers.TestInvoker.invokeTestMethod(TestInvoker.java:230)\r\n\tat org.testng.internal.invokers.MethodRunner.runInSequence(MethodRunner.java:63)\r\n\tat org.testng.internal.invokers.TestInvoker$MethodInvocationAgent.invoke(TestInvoker.java:995)\r\n\tat org.testng.internal.invokers.TestInvoker.invokeTestMethods(TestInvoker.java:203)\r\n\tat org.testng.internal.invokers.TestMethodWorker.invokeTestMethods(TestMethodWorker.java:154)\r\n\tat org.testng.internal.invokers.TestMethodWorker.run(TestMethodWorker.java:134)\r\n\tat java.base/java.util.ArrayList.forEach(ArrayList.java:1596)\r\n\tat org.testng.TestRunner.privateRun(TestRunner.java:741)\r\n\tat org.testng.TestRunner.run(TestRunner.java:616)\r\n\tat org.testng.SuiteRunner.runTest(SuiteRunner.java:421)\r\n\tat org.testng.SuiteRunner.runSequentially(SuiteRunner.java:413)\r\n\tat org.testng.SuiteRunner.privateRun(SuiteRunner.java:373)\r\n\tat org.testng.SuiteRunner.run(SuiteRunner.java:312)\r\n\tat org.testng.SuiteRunnerWorker.runSuite(SuiteRunnerWorker.java:52)\r\n\tat org.testng.SuiteRunnerWorker.run(SuiteRunnerWorker.java:95)\r\n\tat org.testng.TestNG.runSuitesSequentially(TestNG.java:1274)\r\n\tat org.testng.TestNG.runSuitesLocally(TestNG.java:1208)\r\n\tat org.testng.TestNG.runSuites(TestNG.java:1112)\r\n\tat org.testng.TestNG.run(TestNG.java:1079)\r\n\tat org.testng.remote.AbstractRemoteTestNG.run(AbstractRemoteTestNG.java:115)\r\n\tat org.testng.remote.RemoteTestNG.initAndRun(RemoteTestNG.java:293)\r\n\tat org.testng.remote.RemoteTestNG.main(RemoteTestNG.java:91)\r\nCaused by: org.openqa.selenium.NoSuchElementException: Unable to locate element: /html/body/div[1]/form/div[3]/div[2]/table/tbody/tr/td[2]/div/div[4]/table/tbody/tr[2]/td/table/tbody/tr/td/div/ul[4]/li[10]/a\nFor documentation on this error, please visit: https://selenium.dev/exceptions/#no_such_element\nBuild info: version: '4.0.0', revision: '3a21814679'\nSystem info: host: 'DESKTOP-FEC8FTO', ip: '10.20.20.247', os.name: 'Windows 11', os.arch: 'amd64', os.version: '10.0', java.version: '21.0.1'\nDriver info: org.openqa.selenium.firefox.FirefoxDriver\nCommand: [f92a7edd-ec5f-428d-a410-6cbdfca6de4f, findElement {using=xpath, value=/html/body/div[1]/form/div[3]/div[2]/table/tbody/tr/td[2]/div/div[4]/table/tbody/tr[2]/td/table/tbody/tr/td/div/ul[4]/li[10]/a}]\nCapabilities {acceptInsecureCerts: true, browserName: firefox, browserVersion: 134.0.2, javascriptEnabled: true, moz:accessibilityChecks: false, moz:buildID: 20250120135430, moz:geckodriverVersion: 0.30.0, moz:headless: false, moz:platformVersion: 10.0, moz:processID: 9048, moz:profile: C:\\Users\\Presto\\AppData\\Loc..., moz:shutdownTimeout: 60000, moz:webdriverClick: true, moz:windowless: false, pageLoadStrategy: normal, platform: WINDOWS, platformName: WINDOWS, proxy: Proxy(), setWindowRect: true, strictFileInteractability: false, timeouts: {implicit: 0, pageLoad: 300000, script: 30000}, unhandledPromptBehavior: dismiss and notify, userAgent: Mozilla/5.0 (Windows NT 10....}\nSession ID: f92a7edd-ec5f-428d-a410-6cbdfca6de4f\r\n\tat java.base/jdk.internal.reflect.DirectConstructorHandleAccessor.newInstance(DirectConstructorHandleAccessor.java:62)\r\n\tat java.base/java.lang.reflect.Constructor.newInstanceWithCaller(Constructor.java:502)\r\n\tat java.base/java.lang.reflect.Constructor.newInstance(Constructor.java:486)\r\n\tat org.openqa.selenium.remote.codec.w3c.W3CHttpResponseCodec.createException(W3CHttpResponseCodec.java:200)\r\n\tat org.openqa.selenium.remote.codec.w3c.W3CHttpResponseCodec.decode(W3CHttpResponseCodec.java:133)\r\n\tat org.openqa.selenium.remote.codec.w3c.W3CHttpResponseCodec.decode(W3CHttpResponseCodec.java:53)\r\n\tat org.openqa.selenium.remote.HttpCommandExecutor.execute(HttpCommandExecutor.java:184)\r\n\tat org.openqa.selenium.remote.service.DriverCommandExecutor.invokeExecute(DriverCommandExecutor.java:164)\r\n\tat org.openqa.selenium.remote.service.DriverCommandExecutor.execute(DriverCommandExecutor.java:139)\r\n\tat org.openqa.selenium.remote.RemoteWebDriver.execute(RemoteWebDriver.java:559)\r\n\tat org.openqa.selenium.remote.ElementLocation$ElementFinder$2.findElement(ElementLocation.java:162)\r\n\tat org.openqa.selenium.remote.ElementLocation.findElement(ElementLocation.java:60)\r\n\tat org.openqa.selenium.remote.RemoteWebDriver.findElement(RemoteWebDriver.java:383)\r\n\tat org.openqa.selenium.remote.RemoteWebDriver.findElement(RemoteWebDriver.java:375)\r\n\tat org.openqa.selenium.support.ui.ExpectedConditions$6.apply(ExpectedConditions.java:174)\r\n\tat org.openqa.selenium.support.ui.ExpectedConditions$6.apply(ExpectedConditions.java:171)\r\n\tat org.openqa.selenium.support.ui.FluentWait.until(FluentWait.java:208)\r\n\t... 27 more\r\n"},"stage":"finished","steps":[],"attachments":[],"parameters":[{"name":"browser","value":"firefox"}],"start":1743509216129,"stop":1743509282004,"uuid":"80d85c86-b1fe-45ad-99ef-7700f4edd9c5","historyId":"eeb0d0bf68f154b16e74f28d4ffbdc49","fullName":"com.qa.HIS.BrowserCompatibility_HIS.HomeDrugDeliveryTest.Provision_to_view_and_print_the_worklist_for_the_Home_Drug_Delivery","labels":[{"name":"package","value":"com.qa.HIS.BrowserCompatibility_HIS.HomeDrugDeliveryTest"},{"name":"testClass","value":"com.qa.HIS.BrowserCompatibility_HIS.HomeDrugDeliveryTest"},{"name":"testMethod","value":"Provision_to_view_and_print_the_worklist_for_the_Home_Drug_Delivery"},{"name":"parentSuite","value":"Suite"},{"name":"suite","value":"Firefox"},{"name":"subSuite","value":"com.qa.HIS.BrowserCompatibility_HIS.HomeDrugDeliveryTest"},{"name":"host","value":"DESKTOP-FEC8FTO"},{"name":"thread","value":"7912@DESKTOP-FEC8FTO.main(1)"},{"name":"framework","value":"testng"},{"name":"language","value":"java"}],"links":[]}