<?xml version="1.0" encoding="UTF-8"?>
<testng-results ignored="0" total="7" passed="6" failed="1" skipped="0">
  <reporter-output>
  </reporter-output>
  <suite started-at="2025-04-02T12:45:03 IST" name="Suite" finished-at="2025-04-02T12:47:57 IST" duration-ms="173511">
    <groups>
    </groups>
    <test started-at="2025-04-02T12:45:03 IST" name="Firefox" finished-at="2025-04-02T12:47:57 IST" duration-ms="173511">
      <class name="com.qa.HIS.BrowserCompatibility_HIS.AbhaNumberAndAbhaAddressTest">
        <test-method is-config="true" signature="setup(java.lang.String)[pri:0, instance:com.qa.HIS.BrowserCompatibility_HIS.AbhaNumberAndAbhaAddressTest@767e20cf]" started-at="2025-04-02T12:45:03 IST" name="setup" finished-at="2025-04-02T12:45:12 IST" duration-ms="8942" status="PASS">
          <params>
            <param index="0">
              <value>
                <![CDATA[firefox]]>
              </value>
            </param>
          </params>
          <reporter-output>
          </reporter-output>
        </test-method> <!-- setup -->
        <test-method signature="doLoginTest()[pri:0, instance:com.qa.HIS.BrowserCompatibility_HIS.AbhaNumberAndAbhaAddressTest@767e20cf]" started-at="2025-04-02T12:45:12 IST" name="doLoginTest" finished-at="2025-04-02T12:45:23 IST" duration-ms="10353" status="PASS">
          <reporter-output>
          </reporter-output>
        </test-method> <!-- doLoginTest -->
        <test-method signature="doNavigateToSelectHospitalLocationTest()[pri:1, instance:com.qa.HIS.BrowserCompatibility_HIS.AbhaNumberAndAbhaAddressTest@767e20cf]" started-at="2025-04-02T12:45:23 IST" name="doNavigateToSelectHospitalLocationTest" finished-at="2025-04-02T12:45:24 IST" duration-ms="1014" status="PASS">
          <reporter-output>
          </reporter-output>
        </test-method> <!-- doNavigateToSelectHospitalLocationTest -->
        <test-method signature="doNavigateToHISHomeTest(java.lang.String)[pri:2, instance:com.qa.HIS.BrowserCompatibility_HIS.AbhaNumberAndAbhaAddressTest@767e20cf]" started-at="2025-04-02T12:45:24 IST" name="doNavigateToHISHomeTest" finished-at="2025-04-02T12:45:37 IST" duration-ms="12545" status="PASS">
          <params>
            <param index="0">
              <value>
                <![CDATA[firefox]]>
              </value>
            </param>
          </params>
          <reporter-output>
          </reporter-output>
        </test-method> <!-- doNavigateToHISHomeTest -->
        <test-method signature="doNavigateToHomeSampleCollectionSchedulerLink()[pri:3, instance:com.qa.HIS.BrowserCompatibility_HIS.AbhaNumberAndAbhaAddressTest@767e20cf]" started-at="2025-04-02T12:45:37 IST" name="doNavigateToHomeSampleCollectionSchedulerLink" finished-at="2025-04-02T12:45:47 IST" duration-ms="9690" status="PASS">
          <reporter-output>
          </reporter-output>
        </test-method> <!-- doNavigateToHomeSampleCollectionSchedulerLink -->
        <test-method signature="doCreateCheckInPageTest()[pri:4, instance:com.qa.HIS.BrowserCompatibility_HIS.AbhaNumberAndAbhaAddressTest@767e20cf]" started-at="2025-04-02T12:45:47 IST" name="doCreateCheckInPageTest" finished-at="2025-04-02T12:46:32 IST" duration-ms="45139" status="PASS">
          <reporter-output>
          </reporter-output>
        </test-method> <!-- doCreateCheckInPageTest -->
        <test-method signature="ProvisionToViewABHANumberandAadharAvailabilityStatusonPatientcasesheet()[pri:5, instance:com.qa.HIS.BrowserCompatibility_HIS.AbhaNumberAndAbhaAddressTest@767e20cf]" started-at="2025-04-02T12:46:32 IST" name="ProvisionToViewABHANumberandAadharAvailabilityStatusonPatientcasesheet" finished-at="2025-04-02T12:47:46 IST" duration-ms="74305" status="FAIL">
          <exception class="java.lang.AssertionError">
            <message>
              <![CDATA[expected [Available] but found []]]>
            </message>
            <full-stacktrace>
              <![CDATA[java.lang.AssertionError: expected [Available] but found []
at org.testng.Assert.fail(Assert.java:111)
at org.testng.Assert.failNotEquals(Assert.java:1590)
at org.testng.Assert.assertEqualsImpl(Assert.java:150)
at org.testng.Assert.assertEquals(Assert.java:132)
at org.testng.Assert.assertEquals(Assert.java:656)
at org.testng.Assert.assertEquals(Assert.java:666)
at com.qa.HIS.BrowserCompatibility_HIS.AbhaNumberAndAbhaAddressTest.ProvisionToViewABHANumberandAadharAvailabilityStatusonPatientcasesheet(AbhaNumberAndAbhaAddressTest.java:176)
at java.base/jdk.internal.reflect.DirectMethodHandleAccessor.invoke(DirectMethodHandleAccessor.java:103)
at java.base/java.lang.reflect.Method.invoke(Method.java:580)
at org.testng.internal.invokers.MethodInvocationHelper.invokeMethod(MethodInvocationHelper.java:141)
at org.testng.internal.invokers.TestInvoker.invokeMethod(TestInvoker.java:687)
at org.testng.internal.invokers.TestInvoker.invokeTestMethod(TestInvoker.java:230)
at org.testng.internal.invokers.MethodRunner.runInSequence(MethodRunner.java:63)
at org.testng.internal.invokers.TestInvoker$MethodInvocationAgent.invoke(TestInvoker.java:995)
at org.testng.internal.invokers.TestInvoker.invokeTestMethods(TestInvoker.java:203)
at org.testng.internal.invokers.TestMethodWorker.invokeTestMethods(TestMethodWorker.java:154)
at org.testng.internal.invokers.TestMethodWorker.run(TestMethodWorker.java:134)
at java.base/java.util.ArrayList.forEach(ArrayList.java:1596)
at org.testng.TestRunner.privateRun(TestRunner.java:741)
at org.testng.TestRunner.run(TestRunner.java:616)
at org.testng.SuiteRunner.runTest(SuiteRunner.java:421)
at org.testng.SuiteRunner.runSequentially(SuiteRunner.java:413)
at org.testng.SuiteRunner.privateRun(SuiteRunner.java:373)
at org.testng.SuiteRunner.run(SuiteRunner.java:312)
at org.testng.SuiteRunnerWorker.runSuite(SuiteRunnerWorker.java:52)
at org.testng.SuiteRunnerWorker.run(SuiteRunnerWorker.java:95)
at org.testng.TestNG.runSuitesSequentially(TestNG.java:1274)
at org.testng.TestNG.runSuitesLocally(TestNG.java:1208)
at org.testng.TestNG.runSuites(TestNG.java:1112)
at org.testng.TestNG.run(TestNG.java:1079)
at org.testng.remote.AbstractRemoteTestNG.run(AbstractRemoteTestNG.java:115)
at org.testng.remote.RemoteTestNG.initAndRun(RemoteTestNG.java:293)
at org.testng.remote.RemoteTestNG.main(RemoteTestNG.java:91)
]]>
            </full-stacktrace>
          </exception> <!-- java.lang.AssertionError -->
          <reporter-output>
          </reporter-output>
        </test-method> <!-- ProvisionToViewABHANumberandAadharAvailabilityStatusonPatientcasesheet -->
        <test-method signature="ProvisionofABHANumberandABHAAddressinthePDFreports()[pri:6, instance:com.qa.HIS.BrowserCompatibility_HIS.AbhaNumberAndAbhaAddressTest@767e20cf]" started-at="2025-04-02T12:47:46 IST" name="ProvisionofABHANumberandABHAAddressinthePDFreports" finished-at="2025-04-02T12:47:57 IST" duration-ms="10356" status="PASS">
          <reporter-output>
          </reporter-output>
        </test-method> <!-- ProvisionofABHANumberandABHAAddressinthePDFreports -->
        <test-method is-config="true" signature="closeBrowser()[pri:0, instance:com.qa.HIS.BrowserCompatibility_HIS.AbhaNumberAndAbhaAddressTest@767e20cf]" started-at="2025-04-02T12:47:57 IST" name="closeBrowser" finished-at="2025-04-02T12:47:57 IST" duration-ms="0" status="PASS">
          <reporter-output>
          </reporter-output>
        </test-method> <!-- closeBrowser -->
      </class> <!-- com.qa.HIS.BrowserCompatibility_HIS.AbhaNumberAndAbhaAddressTest -->
    </test> <!-- Firefox -->
  </suite> <!-- Suite -->
</testng-results>
