<?xml version="1.0" encoding="UTF-8"?>
<!-- Generated by org.testng.reporters.JUnitReportReporter -->
<testsuite hostname="DESKTOP-FEC8FTO" failures="0" tests="8" name="com.qa.HIS.BrowserCompatibility_HIS.AbhaNumberAndAbhaAddressTest" time="24.700" errors="1" timestamp="2025-04-03T12:53:02 IST" skipped="7">
  <testcase classname="com.qa.HIS.BrowserCompatibility_HIS.AbhaNumberAndAbhaAddressTest" name="setup" time="24.699">
    <error message="Reached error page: about:neterror?e=netTimeout&amp;u=http%3A//10.30.16.120/Hospital/login.aspx&amp;c=UTF-8&amp;d=The%20server%20at%2010.30.16.120%20is%20taking%20too%20long%20to%20respond.
Build info: version: &#039;4.0.0&#039;, revision: &#039;3a21814679&#039;
System info: host: &#039;DESKTOP-FEC8FTO&#039;, ip: &#039;10.20.20.247&#039;, os.name: &#039;Windows 11&#039;, os.arch: &#039;amd64&#039;, os.version: &#039;10.0&#039;, java.version: &#039;21.0.1&#039;
Driver info: org.openqa.selenium.firefox.FirefoxDriver
Command: [d4bc6a36-7a91-4d99-bce9-d8676af54ad4, get {url=http://10.30.16.120/Hospital/login.aspx}]
Capabilities {acceptInsecureCerts: true, browserName: firefox, browserVersion: 134.0.2, javascriptEnabled: true, moz:accessibilityChecks: false, moz:buildID: 20250120135430, moz:geckodriverVersion: 0.30.0, moz:headless: false, moz:platformVersion: 10.0, moz:processID: 13284, moz:profile: C:\Users\Presto\AppData\Loc..., moz:shutdownTimeout: 60000, moz:webdriverClick: true, moz:windowless: false, pageLoadStrategy: normal, platform: WINDOWS, platformName: WINDOWS, proxy: Proxy(), setWindowRect: true, strictFileInteractability: false, timeouts: {implicit: 0, pageLoad: 300000, script: 30000}, unhandledPromptBehavior: dismiss and notify, userAgent: Mozilla/5.0 (Windows NT 10....}
Session ID: d4bc6a36-7a91-4d99-bce9-d8676af54ad4" type="org.openqa.selenium.WebDriverException">
      <![CDATA[org.openqa.selenium.WebDriverException: Reached error page: about:neterror?e=netTimeout&u=http%3A//10.30.16.120/Hospital/login.aspx&c=UTF-8&d=The%20server%20at%2010.30.16.120%20is%20taking%20too%20long%20to%20respond.
Build info: version: '4.0.0', revision: '3a21814679'
System info: host: 'DESKTOP-FEC8FTO', ip: '10.20.20.247', os.name: 'Windows 11', os.arch: 'amd64', os.version: '10.0', java.version: '21.0.1'
Driver info: org.openqa.selenium.firefox.FirefoxDriver
Command: [d4bc6a36-7a91-4d99-bce9-d8676af54ad4, get {url=http://10.30.16.120/Hospital/login.aspx}]
Capabilities {acceptInsecureCerts: true, browserName: firefox, browserVersion: 134.0.2, javascriptEnabled: true, moz:accessibilityChecks: false, moz:buildID: 20250120135430, moz:geckodriverVersion: 0.30.0, moz:headless: false, moz:platformVersion: 10.0, moz:processID: 13284, moz:profile: C:\Users\Presto\AppData\Loc..., moz:shutdownTimeout: 60000, moz:webdriverClick: true, moz:windowless: false, pageLoadStrategy: normal, platform: WINDOWS, platformName: WINDOWS, proxy: Proxy(), setWindowRect: true, strictFileInteractability: false, timeouts: {implicit: 0, pageLoad: 300000, script: 30000}, unhandledPromptBehavior: dismiss and notify, userAgent: Mozilla/5.0 (Windows NT 10....}
Session ID: d4bc6a36-7a91-4d99-bce9-d8676af54ad4
at java.base/jdk.internal.reflect.DirectConstructorHandleAccessor.newInstance(DirectConstructorHandleAccessor.java:62)
at java.base/java.lang.reflect.Constructor.newInstanceWithCaller(Constructor.java:502)
at java.base/java.lang.reflect.Constructor.newInstance(Constructor.java:486)
at org.openqa.selenium.remote.codec.w3c.W3CHttpResponseCodec.createException(W3CHttpResponseCodec.java:200)
at org.openqa.selenium.remote.codec.w3c.W3CHttpResponseCodec.decode(W3CHttpResponseCodec.java:133)
at org.openqa.selenium.remote.codec.w3c.W3CHttpResponseCodec.decode(W3CHttpResponseCodec.java:53)
at org.openqa.selenium.remote.HttpCommandExecutor.execute(HttpCommandExecutor.java:184)
at org.openqa.selenium.remote.service.DriverCommandExecutor.invokeExecute(DriverCommandExecutor.java:164)
at org.openqa.selenium.remote.service.DriverCommandExecutor.execute(DriverCommandExecutor.java:139)
at org.openqa.selenium.remote.RemoteWebDriver.execute(RemoteWebDriver.java:559)
at org.openqa.selenium.remote.RemoteWebDriver.get(RemoteWebDriver.java:328)
at com.qa.HIS.BrowserCompatibility_HIS.CrossBrowser.setup(CrossBrowser.java:157)
at java.base/jdk.internal.reflect.DirectMethodHandleAccessor.invoke(DirectMethodHandleAccessor.java:103)
at java.base/java.lang.reflect.Method.invoke(Method.java:580)
at org.testng.internal.invokers.MethodInvocationHelper.invokeMethod(MethodInvocationHelper.java:141)
at org.testng.internal.invokers.MethodInvocationHelper.invokeMethodConsideringTimeout(MethodInvocationHelper.java:71)
at org.testng.internal.invokers.ConfigInvoker.invokeConfigurationMethod(ConfigInvoker.java:400)
at org.testng.internal.invokers.ConfigInvoker.invokeConfigurations(ConfigInvoker.java:333)
at org.testng.internal.invokers.TestMethodWorker.invokeBeforeClassMethods(TestMethodWorker.java:188)
at org.testng.internal.invokers.TestMethodWorker.run(TestMethodWorker.java:128)
at java.base/java.util.ArrayList.forEach(ArrayList.java:1596)
at org.testng.TestRunner.privateRun(TestRunner.java:741)
at org.testng.TestRunner.run(TestRunner.java:616)
at org.testng.SuiteRunner.runTest(SuiteRunner.java:421)
at org.testng.SuiteRunner.runSequentially(SuiteRunner.java:413)
at org.testng.SuiteRunner.privateRun(SuiteRunner.java:373)
at org.testng.SuiteRunner.run(SuiteRunner.java:312)
at org.testng.SuiteRunnerWorker.runSuite(SuiteRunnerWorker.java:52)
at org.testng.SuiteRunnerWorker.run(SuiteRunnerWorker.java:95)
at org.testng.TestNG.runSuitesSequentially(TestNG.java:1274)
at org.testng.TestNG.runSuitesLocally(TestNG.java:1208)
at org.testng.TestNG.runSuites(TestNG.java:1112)
at org.testng.TestNG.run(TestNG.java:1079)
at org.testng.remote.AbstractRemoteTestNG.run(AbstractRemoteTestNG.java:115)
at org.testng.remote.RemoteTestNG.initAndRun(RemoteTestNG.java:293)
at org.testng.remote.RemoteTestNG.main(RemoteTestNG.java:91)
]]>
    </error>
  </testcase> <!-- setup -->
  <testcase classname="com.qa.HIS.BrowserCompatibility_HIS.AbhaNumberAndAbhaAddressTest" name="doLoginTest" time="0.001">
    <skipped/>
  </testcase> <!-- doLoginTest -->
  <testcase classname="com.qa.HIS.BrowserCompatibility_HIS.AbhaNumberAndAbhaAddressTest" name="doNavigateToSelectHospitalLocationTest" time="0.000">
    <skipped/>
  </testcase> <!-- doNavigateToSelectHospitalLocationTest -->
  <testcase classname="com.qa.HIS.BrowserCompatibility_HIS.AbhaNumberAndAbhaAddressTest" name="doNavigateToHISHomeTest" time="0.000">
    <skipped/>
  </testcase> <!-- doNavigateToHISHomeTest -->
  <testcase classname="com.qa.HIS.BrowserCompatibility_HIS.AbhaNumberAndAbhaAddressTest" name="doNavigateToHomeSampleCollectionSchedulerLink" time="0.000">
    <skipped/>
  </testcase> <!-- doNavigateToHomeSampleCollectionSchedulerLink -->
  <testcase classname="com.qa.HIS.BrowserCompatibility_HIS.AbhaNumberAndAbhaAddressTest" name="doCreateCheckInPageTest" time="0.000">
    <skipped/>
  </testcase> <!-- doCreateCheckInPageTest -->
  <testcase classname="com.qa.HIS.BrowserCompatibility_HIS.AbhaNumberAndAbhaAddressTest" name="ProvisionToViewABHANumberandAadharAvailabilityStatusonPatientcasesheet" time="0.000">
    <skipped/>
  </testcase> <!-- ProvisionToViewABHANumberandAadharAvailabilityStatusonPatientcasesheet -->
  <testcase classname="com.qa.HIS.BrowserCompatibility_HIS.AbhaNumberAndAbhaAddressTest" name="ProvisionofABHANumberandABHAAddressinthePDFreports" time="0.000">
    <skipped/>
  </testcase> <!-- ProvisionofABHANumberandABHAAddressinthePDFreports -->
</testsuite> <!-- com.qa.HIS.BrowserCompatibility_HIS.AbhaNumberAndAbhaAddressTest -->
